c:\users\adebayo salami\documents\work\test\leetcodeproject\cplustraining\x64\debug\vc143.pdb
c:\users\adebayo salami\documents\work\test\leetcodeproject\cplustraining\x64\debug\vc143.idb
c:\users\adebayo salami\documents\work\test\leetcodeproject\cplustraining\x64\debug\cplustraining.obj
c:\users\adebayo salami\documents\work\test\leetcodeproject\cplustraining\x64\debug\carrays.obj
c:\users\adebayo salami\documents\work\test\leetcodeproject\cplustraining\x64\debug\cstrings.obj
c:\users\adebayo salami\documents\work\test\leetcodeproject\cplustraining\x64\debug\customer.obj
c:\users\adebayo salami\documents\work\test\leetcodeproject\cplustraining\x64\debug\cplustraining.ilk
c:\users\adebayo salami\documents\work\test\leetcodeproject\x64\debug\cplustraining.pdb
c:\users\adebayo salami\documents\work\test\leetcodeproject\cplustraining\x64\debug\cplustraining.tlog\cl.command.1.tlog
c:\users\adebayo salami\documents\work\test\leetcodeproject\cplustraining\x64\debug\cplustraining.tlog\cl.items.tlog
c:\users\adebayo salami\documents\work\test\leetcodeproject\cplustraining\x64\debug\cplustraining.tlog\cl.read.1.tlog
c:\users\adebayo salami\documents\work\test\leetcodeproject\cplustraining\x64\debug\cplustraining.tlog\cl.write.1.tlog
c:\users\adebayo salami\documents\work\test\leetcodeproject\cplustraining\x64\debug\cplustraining.tlog\link-cvtres.read.1.tlog
c:\users\adebayo salami\documents\work\test\leetcodeproject\cplustraining\x64\debug\cplustraining.tlog\link-cvtres.write.1.tlog
c:\users\adebayo salami\documents\work\test\leetcodeproject\cplustraining\x64\debug\cplustraining.tlog\link-rc.read.1.tlog
c:\users\adebayo salami\documents\work\test\leetcodeproject\cplustraining\x64\debug\cplustraining.tlog\link-rc.write.1.tlog
c:\users\adebayo salami\documents\work\test\leetcodeproject\cplustraining\x64\debug\cplustraining.tlog\link.11460-cvtres.read.1.tlog
c:\users\adebayo salami\documents\work\test\leetcodeproject\cplustraining\x64\debug\cplustraining.tlog\link.11460-cvtres.write.1.tlog
c:\users\adebayo salami\documents\work\test\leetcodeproject\cplustraining\x64\debug\cplustraining.tlog\link.11460-rc.read.1.tlog
c:\users\adebayo salami\documents\work\test\leetcodeproject\cplustraining\x64\debug\cplustraining.tlog\link.11460-rc.write.1.tlog
c:\users\adebayo salami\documents\work\test\leetcodeproject\cplustraining\x64\debug\cplustraining.tlog\link.11460.read.1.tlog
c:\users\adebayo salami\documents\work\test\leetcodeproject\cplustraining\x64\debug\cplustraining.tlog\link.11460.read.2.tlog
c:\users\adebayo salami\documents\work\test\leetcodeproject\cplustraining\x64\debug\cplustraining.tlog\link.11460.write.1.tlog
c:\users\adebayo salami\documents\work\test\leetcodeproject\cplustraining\x64\debug\cplustraining.tlog\link.command.1.tlog
c:\users\adebayo salami\documents\work\test\leetcodeproject\cplustraining\x64\debug\cplustraining.tlog\link.read.1.tlog
c:\users\adebayo salami\documents\work\test\leetcodeproject\cplustraining\x64\debug\cplustraining.tlog\link.read.2.tlog
c:\users\adebayo salami\documents\work\test\leetcodeproject\cplustraining\x64\debug\cplustraining.tlog\link.secondary.1.tlog
c:\users\adebayo salami\documents\work\test\leetcodeproject\cplustraining\x64\debug\cplustraining.tlog\link.write.1.tlog
